0 info it worked if it ends with ok
1 verbose cli [ 'C:\\Program Files\\nodejs\\node.exe',
1 verbose cli   'C:\\Users\\ManpreetKaur\\AppData\\Roaming\\npm\\node_modules\\npm\\bin\\npm-cli.js',
1 verbose cli   'install',
1 verbose cli   'bcrypt',
1 verbose cli   '--save' ]
2 info using npm@3.3.3
3 info using node@v4.0.0
4 silly loadCurrentTree Starting
5 silly install loadCurrentTree
6 silly install readLocalPackageData
7 silly fetchPackageMetaData bcrypt
8 silly fetchNamedPackageData bcrypt
9 silly mapToRegistry name bcrypt
10 silly mapToRegistry using default registry
11 silly mapToRegistry registry https://registry.npmjs.org/
12 silly mapToRegistry uri https://registry.npmjs.org/bcrypt
13 verbose request uri https://registry.npmjs.org/bcrypt
14 verbose request no auth needed
15 info attempt registry request try #1 at 10:48:05 AM
16 verbose request id c424250c4a65a307
17 verbose etag "EX0MOF9A1FPMTD7VDCQMDS53Y"
18 http request GET https://registry.npmjs.org/bcrypt
19 http 304 https://registry.npmjs.org/bcrypt
20 verbose headers { date: 'Sat, 17 Oct 2015 05:18:06 GMT',
20 verbose headers   via: '1.1 varnish',
20 verbose headers   'cache-control': 'max-age=60',
20 verbose headers   etag: '"EX0MOF9A1FPMTD7VDCQMDS53Y"',
20 verbose headers   age: '45',
20 verbose headers   connection: 'keep-alive',
20 verbose headers   'x-served-by': 'cache-sin6921-SIN',
20 verbose headers   'x-cache': 'HIT',
20 verbose headers   'x-cache-hits': '2',
20 verbose headers   'x-timer': 'S1445059086.028718,VS0,VE0',
20 verbose headers   vary: 'Accept' }
21 silly get cb [ 304,
21 silly get   { date: 'Sat, 17 Oct 2015 05:18:06 GMT',
21 silly get     via: '1.1 varnish',
21 silly get     'cache-control': 'max-age=60',
21 silly get     etag: '"EX0MOF9A1FPMTD7VDCQMDS53Y"',
21 silly get     age: '45',
21 silly get     connection: 'keep-alive',
21 silly get     'x-served-by': 'cache-sin6921-SIN',
21 silly get     'x-cache': 'HIT',
21 silly get     'x-cache-hits': '2',
21 silly get     'x-timer': 'S1445059086.028718,VS0,VE0',
21 silly get     vary: 'Accept' } ]
22 verbose etag https://registry.npmjs.org/bcrypt from cache
23 verbose get saving bcrypt to C:\Users\ManpreetKaur\AppData\Roaming\npm-cache\registry.npmjs.org\bcrypt\.cache.json
24 silly install normalizeTree
25 silly loadCurrentTree Finishing
26 silly loadIdealTree Starting
27 silly install loadIdealTree
28 silly cloneCurrentTree Starting
29 silly install cloneCurrentTreeToIdealTree
30 silly cloneCurrentTree Finishing
31 silly loadShrinkwrap Starting
32 silly install loadShrinkwrap
33 silly loadShrinkwrap Finishing
34 silly loadAllDepsIntoIdealTree Starting
35 silly install loadAllDepsIntoIdealTree
36 silly resolveWithNewModule bcrypt@0.8.5 checking installable status
37 silly cache add args [ 'bcrypt', null ]
38 verbose cache add spec bcrypt
39 silly cache add parsed spec Result {
39 silly cache add   raw: 'bcrypt',
39 silly cache add   scope: null,
39 silly cache add   name: 'bcrypt',
39 silly cache add   rawSpec: '',
39 silly cache add   spec: '*',
39 silly cache add   type: 'range' }
40 silly addNamed bcrypt@*
41 verbose addNamed "*" is a valid semver range for bcrypt
42 silly addNameRange { name: 'bcrypt', range: '*', hasData: false }
43 silly mapToRegistry name bcrypt
44 silly mapToRegistry using default registry
45 silly mapToRegistry registry https://registry.npmjs.org/
46 silly mapToRegistry uri https://registry.npmjs.org/bcrypt
47 verbose addNameRange registry:https://registry.npmjs.org/bcrypt not in flight; fetching
48 verbose get https://registry.npmjs.org/bcrypt not expired, no request
49 silly addNameRange number 2 { name: 'bcrypt', range: '*', hasData: true }
50 silly addNameRange versions [ 'bcrypt',
50 silly addNameRange   [ '0.1.2',
50 silly addNameRange     '0.2.0',
50 silly addNameRange     '0.2.1',
50 silly addNameRange     '0.1.3',
50 silly addNameRange     '0.2.2',
50 silly addNameRange     '0.2.3',
50 silly addNameRange     '0.2.4',
50 silly addNameRange     '0.3.0',
50 silly addNameRange     '0.3.1',
50 silly addNameRange     '0.3.2',
50 silly addNameRange     '0.4.0',
50 silly addNameRange     '0.4.1',
50 silly addNameRange     '0.5.0',
50 silly addNameRange     '0.6.0',
50 silly addNameRange     '0.7.0',
50 silly addNameRange     '0.7.1',
50 silly addNameRange     '0.7.2',
50 silly addNameRange     '0.7.3',
50 silly addNameRange     '0.7.4',
50 silly addNameRange     '0.7.5',
50 silly addNameRange     '0.7.6',
50 silly addNameRange     '0.7.7',
50 silly addNameRange     '0.7.8',
50 silly addNameRange     '0.8.0',
50 silly addNameRange     '0.8.1',
50 silly addNameRange     '0.8.2',
50 silly addNameRange     '0.8.3',
50 silly addNameRange     '0.8.4',
50 silly addNameRange     '0.8.5' ] ]
51 silly addNamed bcrypt@0.8.5
52 verbose addNamed "0.8.5" is a plain semver version for bcrypt
53 silly cache afterAdd bcrypt@0.8.5
54 verbose afterAdd C:\Users\ManpreetKaur\AppData\Roaming\npm-cache\bcrypt\0.8.5\package\package.json not in flight; writing
55 verbose afterAdd C:\Users\ManpreetKaur\AppData\Roaming\npm-cache\bcrypt\0.8.5\package\package.json written
56 silly fetchNamedPackageData bindings
57 silly mapToRegistry name bindings
58 silly mapToRegistry using default registry
59 silly mapToRegistry registry https://registry.npmjs.org/
60 silly mapToRegistry uri https://registry.npmjs.org/bindings
61 silly fetchNamedPackageData nan
62 silly mapToRegistry name nan
63 silly mapToRegistry using default registry
64 silly mapToRegistry registry https://registry.npmjs.org/
65 silly mapToRegistry uri https://registry.npmjs.org/nan
66 verbose request uri https://registry.npmjs.org/bindings
67 verbose request no auth needed
68 info attempt registry request try #1 at 10:48:06 AM
69 verbose etag "547Q3C60W4DUGPOZ65YOO6930"
70 http request GET https://registry.npmjs.org/bindings
71 verbose request uri https://registry.npmjs.org/nan
72 verbose request no auth needed
73 info attempt registry request try #1 at 10:48:06 AM
74 verbose etag "EEJEYBDBWDA07LWTXUI68JUWL"
75 http request GET https://registry.npmjs.org/nan
76 http 304 https://registry.npmjs.org/bindings
77 verbose headers { date: 'Sat, 17 Oct 2015 05:18:07 GMT',
77 verbose headers   via: '1.1 varnish',
77 verbose headers   'cache-control': 'max-age=60',
77 verbose headers   etag: '"547Q3C60W4DUGPOZ65YOO6930"',
77 verbose headers   age: '16',
77 verbose headers   connection: 'keep-alive',
77 verbose headers   'x-served-by': 'cache-sin6927-SIN',
77 verbose headers   'x-cache': 'HIT',
77 verbose headers   'x-cache-hits': '2',
77 verbose headers   'x-timer': 'S1445059087.235829,VS0,VE0',
77 verbose headers   vary: 'Accept' }
78 silly get cb [ 304,
78 silly get   { date: 'Sat, 17 Oct 2015 05:18:07 GMT',
78 silly get     via: '1.1 varnish',
78 silly get     'cache-control': 'max-age=60',
78 silly get     etag: '"547Q3C60W4DUGPOZ65YOO6930"',
78 silly get     age: '16',
78 silly get     connection: 'keep-alive',
78 silly get     'x-served-by': 'cache-sin6927-SIN',
78 silly get     'x-cache': 'HIT',
78 silly get     'x-cache-hits': '2',
78 silly get     'x-timer': 'S1445059087.235829,VS0,VE0',
78 silly get     vary: 'Accept' } ]
79 verbose etag https://registry.npmjs.org/bindings from cache
80 verbose get saving bindings to C:\Users\ManpreetKaur\AppData\Roaming\npm-cache\registry.npmjs.org\bindings\.cache.json
81 silly resolveWithNewModule bindings@1.2.1 checking installable status
82 silly cache add args [ 'bindings@1.2.1', null ]
83 verbose cache add spec bindings@1.2.1
84 silly cache add parsed spec Result {
84 silly cache add   raw: 'bindings@1.2.1',
84 silly cache add   scope: null,
84 silly cache add   name: 'bindings',
84 silly cache add   rawSpec: '1.2.1',
84 silly cache add   spec: '1.2.1',
84 silly cache add   type: 'version' }
85 silly addNamed bindings@1.2.1
86 verbose addNamed "1.2.1" is a plain semver version for bindings
87 silly mapToRegistry name bindings
88 silly mapToRegistry using default registry
89 silly mapToRegistry registry https://registry.npmjs.org/
90 silly mapToRegistry uri https://registry.npmjs.org/bindings
91 verbose addNameVersion registry:https://registry.npmjs.org/bindings not in flight; fetching
92 verbose get https://registry.npmjs.org/bindings not expired, no request
93 silly cache afterAdd bindings@1.2.1
94 verbose afterAdd C:\Users\ManpreetKaur\AppData\Roaming\npm-cache\bindings\1.2.1\package\package.json not in flight; writing
95 http 304 https://registry.npmjs.org/nan
96 verbose headers { date: 'Sat, 17 Oct 2015 05:18:07 GMT',
96 verbose headers   via: '1.1 varnish',
96 verbose headers   'cache-control': 'max-age=60',
96 verbose headers   etag: '"EEJEYBDBWDA07LWTXUI68JUWL"',
96 verbose headers   age: '25',
96 verbose headers   connection: 'keep-alive',
96 verbose headers   'x-served-by': 'cache-sin6926-SIN',
96 verbose headers   'x-cache': 'HIT',
96 verbose headers   'x-cache-hits': '3',
96 verbose headers   'x-timer': 'S1445059087.267330,VS0,VE0',
96 verbose headers   vary: 'Accept' }
97 silly get cb [ 304,
97 silly get   { date: 'Sat, 17 Oct 2015 05:18:07 GMT',
97 silly get     via: '1.1 varnish',
97 silly get     'cache-control': 'max-age=60',
97 silly get     etag: '"EEJEYBDBWDA07LWTXUI68JUWL"',
97 silly get     age: '25',
97 silly get     connection: 'keep-alive',
97 silly get     'x-served-by': 'cache-sin6926-SIN',
97 silly get     'x-cache': 'HIT',
97 silly get     'x-cache-hits': '3',
97 silly get     'x-timer': 'S1445059087.267330,VS0,VE0',
97 silly get     vary: 'Accept' } ]
98 verbose etag https://registry.npmjs.org/nan from cache
99 verbose get saving nan to C:\Users\ManpreetKaur\AppData\Roaming\npm-cache\registry.npmjs.org\nan\.cache.json
100 verbose afterAdd C:\Users\ManpreetKaur\AppData\Roaming\npm-cache\bindings\1.2.1\package\package.json written
101 silly resolveWithNewModule nan@2.0.5 checking installable status
102 silly cache add args [ 'nan@2.0.5', null ]
103 verbose cache add spec nan@2.0.5
104 silly cache add parsed spec Result {
104 silly cache add   raw: 'nan@2.0.5',
104 silly cache add   scope: null,
104 silly cache add   name: 'nan',
104 silly cache add   rawSpec: '2.0.5',
104 silly cache add   spec: '2.0.5',
104 silly cache add   type: 'version' }
105 silly addNamed nan@2.0.5
106 verbose addNamed "2.0.5" is a plain semver version for nan
107 silly mapToRegistry name nan
108 silly mapToRegistry using default registry
109 silly mapToRegistry registry https://registry.npmjs.org/
110 silly mapToRegistry uri https://registry.npmjs.org/nan
111 verbose addNameVersion registry:https://registry.npmjs.org/nan not in flight; fetching
112 verbose get https://registry.npmjs.org/nan not expired, no request
113 silly cache afterAdd nan@2.0.5
114 verbose afterAdd C:\Users\ManpreetKaur\AppData\Roaming\npm-cache\nan\2.0.5\package\package.json not in flight; writing
115 verbose afterAdd C:\Users\ManpreetKaur\AppData\Roaming\npm-cache\nan\2.0.5\package\package.json written
116 silly loadAllDepsIntoIdealTree Finishing
117 silly idealTree:prePrune mean_project_tutorial@1.0.0
117 silly idealTree:prePrune ├── accepts@1.2.13
117 silly idealTree:prePrune ├── array-flatten@1.1.1
117 silly idealTree:prePrune ├── async@0.9.0
117 silly idealTree:prePrune ├── base64-url@1.2.1
117 silly idealTree:prePrune ├─┬ bcrypt@0.8.5
117 silly idealTree:prePrune │ └── nan@2.0.5
117 silly idealTree:prePrune ├── bindings@1.2.1
117 silly idealTree:prePrune ├── bluebird@2.9.26
117 silly idealTree:prePrune ├─┬ body-parser@1.14.1
117 silly idealTree:prePrune │ ├── depd@1.1.0
117 silly idealTree:prePrune │ └── qs@5.1.0
117 silly idealTree:prePrune ├── bson@0.4.16
117 silly idealTree:prePrune ├── bytes@2.1.0
117 silly idealTree:prePrune ├── connect-flash@0.1.1
117 silly idealTree:prePrune ├── content-disposition@0.5.0
117 silly idealTree:prePrune ├── content-type@1.0.1
117 silly idealTree:prePrune ├── cookie@0.1.3
117 silly idealTree:prePrune ├── cookie-signature@1.0.6
117 silly idealTree:prePrune ├── core-util-is@1.0.1
117 silly idealTree:prePrune ├── crc@3.3.0
117 silly idealTree:prePrune ├── debug@2.2.0
117 silly idealTree:prePrune ├── depd@1.0.1
117 silly idealTree:prePrune ├── destroy@1.0.3
117 silly idealTree:prePrune ├── ee-first@1.1.1
117 silly idealTree:prePrune ├── ejs@2.3.4
117 silly idealTree:prePrune ├── es6-promise@2.1.1
117 silly idealTree:prePrune ├── escape-html@1.0.2
117 silly idealTree:prePrune ├── etag@1.7.0
117 silly idealTree:prePrune ├── express@4.13.3
117 silly idealTree:prePrune ├── express-session@1.11.3
117 silly idealTree:prePrune ├── finalhandler@0.4.0
117 silly idealTree:prePrune ├── forwarded@0.1.0
117 silly idealTree:prePrune ├── fresh@0.3.0
117 silly idealTree:prePrune ├── hooks-fixed@1.1.0
117 silly idealTree:prePrune ├── http-errors@1.3.1
117 silly idealTree:prePrune ├── iconv-lite@0.4.12
117 silly idealTree:prePrune ├── inherits@2.0.1
117 silly idealTree:prePrune ├── ipaddr.js@1.0.1
117 silly idealTree:prePrune ├── isarray@0.0.1
117 silly idealTree:prePrune ├── kareem@1.0.1
117 silly idealTree:prePrune ├── kerberos@0.0.15
117 silly idealTree:prePrune ├── media-typer@0.3.0
117 silly idealTree:prePrune ├── merge-descriptors@1.0.0
117 silly idealTree:prePrune ├── methods@1.1.1
117 silly idealTree:prePrune ├── mime@1.3.4
117 silly idealTree:prePrune ├── mime-db@1.19.0
117 silly idealTree:prePrune ├── mime-types@2.1.7
117 silly idealTree:prePrune ├── mongodb@2.0.45
117 silly idealTree:prePrune ├── mongodb-core@1.2.14
117 silly idealTree:prePrune ├─┬ mongoose@4.1.11
117 silly idealTree:prePrune │ └── ms@0.1.0
117 silly idealTree:prePrune ├── mpath@0.1.1
117 silly idealTree:prePrune ├── mpromise@0.5.4
117 silly idealTree:prePrune ├── mquery@1.6.3
117 silly idealTree:prePrune ├── ms@0.7.1
117 silly idealTree:prePrune ├── muri@1.0.0
117 silly idealTree:prePrune ├── nan@2.0.9
117 silly idealTree:prePrune ├── negotiator@0.5.3
117 silly idealTree:prePrune ├── on-finished@2.3.0
117 silly idealTree:prePrune ├── on-headers@1.0.1
117 silly idealTree:prePrune ├── parseurl@1.3.0
117 silly idealTree:prePrune ├── passport@0.3.0
117 silly idealTree:prePrune ├── passport-local@1.0.0
117 silly idealTree:prePrune ├── passport-strategy@1.0.0
117 silly idealTree:prePrune ├── path-to-regexp@0.1.7
117 silly idealTree:prePrune ├── pause@0.0.1
117 silly idealTree:prePrune ├── proxy-addr@1.0.8
117 silly idealTree:prePrune ├── qs@4.0.0
117 silly idealTree:prePrune ├── range-parser@1.0.2
117 silly idealTree:prePrune ├── raw-body@2.1.4
117 silly idealTree:prePrune ├── readable-stream@1.0.31
117 silly idealTree:prePrune ├── regexp-clone@0.0.1
117 silly idealTree:prePrune ├── send@0.13.0
117 silly idealTree:prePrune ├── serve-static@1.10.0
117 silly idealTree:prePrune ├── sliced@0.0.5
117 silly idealTree:prePrune ├── statuses@1.2.1
117 silly idealTree:prePrune ├── string_decoder@0.10.31
117 silly idealTree:prePrune ├── type-is@1.6.9
117 silly idealTree:prePrune ├── uid-safe@2.0.0
117 silly idealTree:prePrune ├── unpipe@1.0.0
117 silly idealTree:prePrune ├── utils-merge@1.0.0
117 silly idealTree:prePrune └── vary@1.0.1
118 silly loadIdealTree Finishing
119 silly currentTree mean_project_tutorial@1.0.0
119 silly currentTree ├── accepts@1.2.13
119 silly currentTree ├── array-flatten@1.1.1
119 silly currentTree ├── async@0.9.0
119 silly currentTree ├── base64-url@1.2.1
119 silly currentTree ├── bluebird@2.9.26
119 silly currentTree ├─┬ body-parser@1.14.1
119 silly currentTree │ ├── depd@1.1.0
119 silly currentTree │ └── qs@5.1.0
119 silly currentTree ├── bson@0.4.16
119 silly currentTree ├── bytes@2.1.0
119 silly currentTree ├── connect-flash@0.1.1
119 silly currentTree ├── content-disposition@0.5.0
119 silly currentTree ├── content-type@1.0.1
119 silly currentTree ├── cookie@0.1.3
119 silly currentTree ├── cookie-signature@1.0.6
119 silly currentTree ├── core-util-is@1.0.1
119 silly currentTree ├── crc@3.3.0
119 silly currentTree ├── debug@2.2.0
119 silly currentTree ├── depd@1.0.1
119 silly currentTree ├── destroy@1.0.3
119 silly currentTree ├── ee-first@1.1.1
119 silly currentTree ├── ejs@2.3.4
119 silly currentTree ├── es6-promise@2.1.1
119 silly currentTree ├── escape-html@1.0.2
119 silly currentTree ├── etag@1.7.0
119 silly currentTree ├── express@4.13.3
119 silly currentTree ├── express-session@1.11.3
119 silly currentTree ├── finalhandler@0.4.0
119 silly currentTree ├── forwarded@0.1.0
119 silly currentTree ├── fresh@0.3.0
119 silly currentTree ├── hooks-fixed@1.1.0
119 silly currentTree ├── http-errors@1.3.1
119 silly currentTree ├── iconv-lite@0.4.12
119 silly currentTree ├── inherits@2.0.1
119 silly currentTree ├── ipaddr.js@1.0.1
119 silly currentTree ├── isarray@0.0.1
119 silly currentTree ├── kareem@1.0.1
119 silly currentTree ├── kerberos@0.0.15
119 silly currentTree ├── media-typer@0.3.0
119 silly currentTree ├── merge-descriptors@1.0.0
119 silly currentTree ├── methods@1.1.1
119 silly currentTree ├── mime@1.3.4
119 silly currentTree ├── mime-db@1.19.0
119 silly currentTree ├── mime-types@2.1.7
119 silly currentTree ├── mongodb@2.0.45
119 silly currentTree ├── mongodb-core@1.2.14
119 silly currentTree ├─┬ mongoose@4.1.11
119 silly currentTree │ └── ms@0.1.0
119 silly currentTree ├── mpath@0.1.1
119 silly currentTree ├── mpromise@0.5.4
119 silly currentTree ├── mquery@1.6.3
119 silly currentTree ├── ms@0.7.1
119 silly currentTree ├── muri@1.0.0
119 silly currentTree ├── nan@2.0.9
119 silly currentTree ├── negotiator@0.5.3
119 silly currentTree ├── on-finished@2.3.0
119 silly currentTree ├── on-headers@1.0.1
119 silly currentTree ├── parseurl@1.3.0
119 silly currentTree ├── passport@0.3.0
119 silly currentTree ├── passport-local@1.0.0
119 silly currentTree ├── passport-strategy@1.0.0
119 silly currentTree ├── path-to-regexp@0.1.7
119 silly currentTree ├── pause@0.0.1
119 silly currentTree ├── proxy-addr@1.0.8
119 silly currentTree ├── qs@4.0.0
119 silly currentTree ├── range-parser@1.0.2
119 silly currentTree ├── raw-body@2.1.4
119 silly currentTree ├── readable-stream@1.0.31
119 silly currentTree ├── regexp-clone@0.0.1
119 silly currentTree ├── send@0.13.0
119 silly currentTree ├── serve-static@1.10.0
119 silly currentTree ├── sliced@0.0.5
119 silly currentTree ├── statuses@1.2.1
119 silly currentTree ├── string_decoder@0.10.31
119 silly currentTree ├── type-is@1.6.9
119 silly currentTree ├── uid-safe@2.0.0
119 silly currentTree ├── unpipe@1.0.0
119 silly currentTree ├── utils-merge@1.0.0
119 silly currentTree └── vary@1.0.1
120 silly idealTree mean_project_tutorial@1.0.0
120 silly idealTree ├── accepts@1.2.13
120 silly idealTree ├── array-flatten@1.1.1
120 silly idealTree ├── async@0.9.0
120 silly idealTree ├── base64-url@1.2.1
120 silly idealTree ├─┬ bcrypt@0.8.5
120 silly idealTree │ └── nan@2.0.5
120 silly idealTree ├── bindings@1.2.1
120 silly idealTree ├── bluebird@2.9.26
120 silly idealTree ├─┬ body-parser@1.14.1
120 silly idealTree │ ├── depd@1.1.0
120 silly idealTree │ └── qs@5.1.0
120 silly idealTree ├── bson@0.4.16
120 silly idealTree ├── bytes@2.1.0
120 silly idealTree ├── connect-flash@0.1.1
120 silly idealTree ├── content-disposition@0.5.0
120 silly idealTree ├── content-type@1.0.1
120 silly idealTree ├── cookie@0.1.3
120 silly idealTree ├── cookie-signature@1.0.6
120 silly idealTree ├── core-util-is@1.0.1
120 silly idealTree ├── crc@3.3.0
120 silly idealTree ├── debug@2.2.0
120 silly idealTree ├── depd@1.0.1
120 silly idealTree ├── destroy@1.0.3
120 silly idealTree ├── ee-first@1.1.1
120 silly idealTree ├── ejs@2.3.4
120 silly idealTree ├── es6-promise@2.1.1
120 silly idealTree ├── escape-html@1.0.2
120 silly idealTree ├── etag@1.7.0
120 silly idealTree ├── express@4.13.3
120 silly idealTree ├── express-session@1.11.3
120 silly idealTree ├── finalhandler@0.4.0
120 silly idealTree ├── forwarded@0.1.0
120 silly idealTree ├── fresh@0.3.0
120 silly idealTree ├── hooks-fixed@1.1.0
120 silly idealTree ├── http-errors@1.3.1
120 silly idealTree ├── iconv-lite@0.4.12
120 silly idealTree ├── inherits@2.0.1
120 silly idealTree ├── ipaddr.js@1.0.1
120 silly idealTree ├── isarray@0.0.1
120 silly idealTree ├── kareem@1.0.1
120 silly idealTree ├── kerberos@0.0.15
120 silly idealTree ├── media-typer@0.3.0
120 silly idealTree ├── merge-descriptors@1.0.0
120 silly idealTree ├── methods@1.1.1
120 silly idealTree ├── mime@1.3.4
120 silly idealTree ├── mime-db@1.19.0
120 silly idealTree ├── mime-types@2.1.7
120 silly idealTree ├── mongodb@2.0.45
120 silly idealTree ├── mongodb-core@1.2.14
120 silly idealTree ├─┬ mongoose@4.1.11
120 silly idealTree │ └── ms@0.1.0
120 silly idealTree ├── mpath@0.1.1
120 silly idealTree ├── mpromise@0.5.4
120 silly idealTree ├── mquery@1.6.3
120 silly idealTree ├── ms@0.7.1
120 silly idealTree ├── muri@1.0.0
120 silly idealTree ├── nan@2.0.9
120 silly idealTree ├── negotiator@0.5.3
120 silly idealTree ├── on-finished@2.3.0
120 silly idealTree ├── on-headers@1.0.1
120 silly idealTree ├── parseurl@1.3.0
120 silly idealTree ├── passport@0.3.0
120 silly idealTree ├── passport-local@1.0.0
120 silly idealTree ├── passport-strategy@1.0.0
120 silly idealTree ├── path-to-regexp@0.1.7
120 silly idealTree ├── pause@0.0.1
120 silly idealTree ├── proxy-addr@1.0.8
120 silly idealTree ├── qs@4.0.0
120 silly idealTree ├── range-parser@1.0.2
120 silly idealTree ├── raw-body@2.1.4
120 silly idealTree ├── readable-stream@1.0.31
120 silly idealTree ├── regexp-clone@0.0.1
120 silly idealTree ├── send@0.13.0
120 silly idealTree ├── serve-static@1.10.0
120 silly idealTree ├── sliced@0.0.5
120 silly idealTree ├── statuses@1.2.1
120 silly idealTree ├── string_decoder@0.10.31
120 silly idealTree ├── type-is@1.6.9
120 silly idealTree ├── uid-safe@2.0.0
120 silly idealTree ├── unpipe@1.0.0
120 silly idealTree ├── utils-merge@1.0.0
120 silly idealTree └── vary@1.0.1
121 silly generateActionsToTake Starting
122 silly install generateActionsToTake
123 silly generateActionsToTake Finishing
124 silly diffTrees action count 3
125 silly diffTrees add nan@2.0.5
126 silly diffTrees add bindings@1.2.1
127 silly diffTrees add bcrypt@0.8.5
128 silly decomposeActions action count 24
129 silly decomposeActions fetch nan@2.0.5
130 silly decomposeActions extract nan@2.0.5
131 silly decomposeActions preinstall nan@2.0.5
132 silly decomposeActions build nan@2.0.5
133 silly decomposeActions install nan@2.0.5
134 silly decomposeActions postinstall nan@2.0.5
135 silly decomposeActions test nan@2.0.5
136 silly decomposeActions finalize nan@2.0.5
137 silly decomposeActions fetch bindings@1.2.1
138 silly decomposeActions extract bindings@1.2.1
139 silly decomposeActions preinstall bindings@1.2.1
140 silly decomposeActions build bindings@1.2.1
141 silly decomposeActions install bindings@1.2.1
142 silly decomposeActions postinstall bindings@1.2.1
143 silly decomposeActions test bindings@1.2.1
144 silly decomposeActions finalize bindings@1.2.1
145 silly decomposeActions fetch bcrypt@0.8.5
146 silly decomposeActions extract bcrypt@0.8.5
147 silly decomposeActions preinstall bcrypt@0.8.5
148 silly decomposeActions build bcrypt@0.8.5
149 silly decomposeActions install bcrypt@0.8.5
150 silly decomposeActions postinstall bcrypt@0.8.5
151 silly decomposeActions test bcrypt@0.8.5
152 silly decomposeActions finalize bcrypt@0.8.5
153 silly executeActions Starting
154 silly install executeActions
155 silly doSerial global-install 0
156 silly doParallel fetch 3
157 verbose lock using C:\Users\ManpreetKaur\AppData\Roaming\npm-cache\_locks\staging-5a95e8df66deb0c5.lock for C:\Users\ManpreetKaur\Desktop\mean_project_tutorial\node_modules\.staging
158 silly doParallel extract 3
159 silly extract nan
160 silly extract bindings
161 silly extract bcrypt
162 verbose unbuild node_modules\.staging\bindings-cbef984b71c665c32405892df7934c18
163 verbose unbuild node_modules\.staging\nan-c149cde65000dfca9a730e5c40eaf8bf
164 verbose unbuild node_modules\.staging\bcrypt-79c7f141279b7d1799288f9a77529139
165 silly gentlyRm C:\Users\ManpreetKaur\Desktop\mean_project_tutorial\node_modules\.staging\bindings-cbef984b71c665c32405892df7934c18 is being purged from base C:\Users\ManpreetKaur\Desktop\mean_project_tutorial
166 silly gentlyRm C:\Users\ManpreetKaur\Desktop\mean_project_tutorial\node_modules\.staging\nan-c149cde65000dfca9a730e5c40eaf8bf is being purged from base C:\Users\ManpreetKaur\Desktop\mean_project_tutorial
167 silly gentlyRm C:\Users\ManpreetKaur\Desktop\mean_project_tutorial\node_modules\.staging\bcrypt-79c7f141279b7d1799288f9a77529139 is being purged from base C:\Users\ManpreetKaur\Desktop\mean_project_tutorial
168 verbose gentlyRm don't care about contents; nuking C:\Users\ManpreetKaur\Desktop\mean_project_tutorial\node_modules\.staging\bindings-cbef984b71c665c32405892df7934c18
169 verbose gentlyRm don't care about contents; nuking C:\Users\ManpreetKaur\Desktop\mean_project_tutorial\node_modules\.staging\nan-c149cde65000dfca9a730e5c40eaf8bf
170 verbose gentlyRm don't care about contents; nuking C:\Users\ManpreetKaur\Desktop\mean_project_tutorial\node_modules\.staging\bcrypt-79c7f141279b7d1799288f9a77529139
171 verbose tar unpack C:\Users\ManpreetKaur\AppData\Roaming\npm-cache\bindings\1.2.1\package.tgz
172 verbose tar unpacking to C:\Users\ManpreetKaur\Desktop\mean_project_tutorial\node_modules\.staging\bindings-cbef984b71c665c32405892df7934c18
173 silly gentlyRm C:\Users\ManpreetKaur\Desktop\mean_project_tutorial\node_modules\.staging\bindings-cbef984b71c665c32405892df7934c18 is being purged
174 verbose tar unpack C:\Users\ManpreetKaur\AppData\Roaming\npm-cache\nan\2.0.5\package.tgz
175 verbose tar unpacking to C:\Users\ManpreetKaur\Desktop\mean_project_tutorial\node_modules\.staging\nan-c149cde65000dfca9a730e5c40eaf8bf
176 silly gentlyRm C:\Users\ManpreetKaur\Desktop\mean_project_tutorial\node_modules\.staging\nan-c149cde65000dfca9a730e5c40eaf8bf is being purged
177 verbose tar unpack C:\Users\ManpreetKaur\AppData\Roaming\npm-cache\bcrypt\0.8.5\package.tgz
178 verbose tar unpacking to C:\Users\ManpreetKaur\Desktop\mean_project_tutorial\node_modules\.staging\bcrypt-79c7f141279b7d1799288f9a77529139
179 silly gentlyRm C:\Users\ManpreetKaur\Desktop\mean_project_tutorial\node_modules\.staging\bcrypt-79c7f141279b7d1799288f9a77529139 is being purged
180 verbose gentlyRm don't care about contents; nuking C:\Users\ManpreetKaur\Desktop\mean_project_tutorial\node_modules\.staging\bindings-cbef984b71c665c32405892df7934c18
181 verbose gentlyRm don't care about contents; nuking C:\Users\ManpreetKaur\Desktop\mean_project_tutorial\node_modules\.staging\nan-c149cde65000dfca9a730e5c40eaf8bf
182 verbose gentlyRm don't care about contents; nuking C:\Users\ManpreetKaur\Desktop\mean_project_tutorial\node_modules\.staging\bcrypt-79c7f141279b7d1799288f9a77529139
183 silly gunzTarPerm modes [ '777', '666' ]
184 silly gunzTarPerm modes [ '777', '666' ]
185 silly gunzTarPerm modes [ '777', '666' ]
186 silly gunzTarPerm extractEntry package.json
187 silly gunzTarPerm modified mode [ 'package.json', 420, 438 ]
188 silly gunzTarPerm extractEntry package.json
189 silly gunzTarPerm modified mode [ 'package.json', 436, 438 ]
190 silly gunzTarPerm extractEntry package.json
191 silly gunzTarPerm modified mode [ 'package.json', 420, 438 ]
192 silly gunzTarPerm extractEntry README.md
193 silly gunzTarPerm modified mode [ 'README.md', 420, 438 ]
194 silly gunzTarPerm extractEntry bindings.js
195 silly gunzTarPerm modified mode [ 'bindings.js', 420, 438 ]
196 silly gunzTarPerm extractEntry README.md
197 silly gunzTarPerm modified mode [ 'README.md', 436, 438 ]
198 silly gunzTarPerm extractEntry .npmignore
199 silly gunzTarPerm modified mode [ '.npmignore', 420, 438 ]
200 silly gunzTarPerm extractEntry README.md
201 silly gunzTarPerm modified mode [ 'README.md', 420, 438 ]
202 silly gunzTarPerm extractEntry include_dirs.js
203 silly gunzTarPerm modified mode [ 'include_dirs.js', 436, 438 ]
204 silly gunzTarPerm extractEntry nan_converters.h
205 silly gunzTarPerm modified mode [ 'nan_converters.h', 436, 438 ]
206 silly gunzTarPerm extractEntry LICENSE.md
207 silly gunzTarPerm modified mode [ 'LICENSE.md', 436, 438 ]
208 silly gunzTarPerm extractEntry .dntrc
209 silly gunzTarPerm modified mode [ '.dntrc', 436, 438 ]
210 silly gunzTarPerm extractEntry LICENSE
211 silly gunzTarPerm modified mode [ 'LICENSE', 420, 438 ]
212 silly gunzTarPerm extractEntry bcrypt.js
213 silly gunzTarPerm modified mode [ 'bcrypt.js', 420, 438 ]
214 silly gunzTarPerm extractEntry binding.gyp
215 silly gunzTarPerm modified mode [ 'binding.gyp', 420, 438 ]
216 silly gunzTarPerm extractEntry appveyor.yml
217 silly gunzTarPerm modified mode [ 'appveyor.yml', 436, 438 ]
218 silly gunzTarPerm extractEntry .travis.yml
219 silly gunzTarPerm modified mode [ '.travis.yml', 420, 438 ]
220 silly gunzTarPerm extractEntry CHANGELOG.md
221 silly gunzTarPerm modified mode [ 'CHANGELOG.md', 420, 438 ]
222 silly gunzTarPerm extractEntry doc/new.md
223 silly gunzTarPerm modified mode [ 'doc/new.md', 436, 438 ]
224 silly gunzTarPerm extractEntry doc/.build.sh
225 silly gunzTarPerm modified mode [ 'doc/.build.sh', 509, 511 ]
226 silly gunzTarPerm extractEntry examples/async_compare.js
227 silly gunzTarPerm modified mode [ 'examples/async_compare.js', 420, 438 ]
228 silly gunzTarPerm extractEntry examples/forever_gen_salt.js
229 silly gunzTarPerm modified mode [ 'examples/forever_gen_salt.js', 420, 438 ]
230 silly gunzTarPerm extractEntry doc/buffers.md
231 silly gunzTarPerm modified mode [ 'doc/buffers.md', 436, 438 ]
232 silly gunzTarPerm extractEntry doc/callback.md
233 silly gunzTarPerm modified mode [ 'doc/callback.md', 436, 438 ]
234 silly gunzTarPerm extractEntry doc/converters.md
235 silly gunzTarPerm modified mode [ 'doc/converters.md', 436, 438 ]
236 silly gunzTarPerm extractEntry doc/errors.md
237 silly gunzTarPerm modified mode [ 'doc/errors.md', 436, 438 ]
238 silly gunzTarPerm extractEntry test/async.js
239 silly gunzTarPerm modified mode [ 'test/async.js', 420, 438 ]
240 silly gunzTarPerm extractEntry test/repetitions.js
241 silly gunzTarPerm modified mode [ 'test/repetitions.js', 420, 438 ]
242 silly gunzTarPerm extractEntry test/sync.js
243 silly gunzTarPerm modified mode [ 'test/sync.js', 420, 438 ]
244 silly gunzTarPerm extractEntry Makefile
245 silly gunzTarPerm modified mode [ 'Makefile', 420, 438 ]
246 silly gunzTarPerm extractEntry doc/maybe_types.md
247 silly gunzTarPerm modified mode [ 'doc/maybe_types.md', 436, 438 ]
248 silly gunzTarPerm extractEntry doc/methods.md
249 silly gunzTarPerm modified mode [ 'doc/methods.md', 436, 438 ]
250 silly gunzTarPerm extractEntry src/bcrypt.cc
251 silly gunzTarPerm modified mode [ 'src/bcrypt.cc', 420, 438 ]
252 silly gunzTarPerm extractEntry src/bcrypt_node.cc
253 silly gunzTarPerm modified mode [ 'src/bcrypt_node.cc', 420, 438 ]
254 silly gunzTarPerm extractEntry doc/asyncworker.md
255 silly gunzTarPerm modified mode [ 'doc/asyncworker.md', 436, 438 ]
256 silly gunzTarPerm extractEntry doc/node_misc.md
257 silly gunzTarPerm modified mode [ 'doc/node_misc.md', 436, 438 ]
258 silly gunzTarPerm extractEntry doc/persistent.md
259 silly gunzTarPerm modified mode [ 'doc/persistent.md', 436, 438 ]
260 silly gunzTarPerm extractEntry doc/scopes.md
261 silly gunzTarPerm modified mode [ 'doc/scopes.md', 436, 438 ]
262 silly gunzTarPerm extractEntry src/blowfish.cc
263 silly gunzTarPerm modified mode [ 'src/blowfish.cc', 420, 438 ]
264 silly gunzTarPerm extractEntry src/node_blf.h
265 silly gunzTarPerm modified mode [ 'src/node_blf.h', 420, 438 ]
266 silly gunzTarPerm extractEntry werker.yml
267 silly gunzTarPerm modified mode [ 'werker.yml', 420, 438 ]
268 silly gunzTarPerm extractEntry doc/script.md
269 silly gunzTarPerm modified mode [ 'doc/script.md', 436, 438 ]
270 silly gunzTarPerm extractEntry doc/string_bytes.md
271 silly gunzTarPerm modified mode [ 'doc/string_bytes.md', 436, 438 ]
272 silly gunzTarPerm extractEntry doc/v8_internals.md
273 silly gunzTarPerm modified mode [ 'doc/v8_internals.md', 436, 438 ]
274 silly gunzTarPerm extractEntry doc/v8_misc.md
275 silly gunzTarPerm modified mode [ 'doc/v8_misc.md', 436, 438 ]
276 silly gunzTarPerm extractEntry nan.h
277 silly gunzTarPerm modified mode [ 'nan.h', 436, 438 ]
278 silly gunzTarPerm extractEntry nan_callbacks.h
279 silly gunzTarPerm modified mode [ 'nan_callbacks.h', 436, 438 ]
280 silly gunzTarPerm extractEntry nan_callbacks_12_inl.h
281 silly gunzTarPerm modified mode [ 'nan_callbacks_12_inl.h', 436, 438 ]
282 silly gunzTarPerm extractEntry nan_callbacks_pre_12_inl.h
283 silly gunzTarPerm modified mode [ 'nan_callbacks_pre_12_inl.h', 436, 438 ]
284 silly gunzTarPerm extractEntry nan_converters_43_inl.h
285 silly gunzTarPerm modified mode [ 'nan_converters_43_inl.h', 436, 438 ]
286 silly gunzTarPerm extractEntry nan_converters_pre_43_inl.h
287 silly gunzTarPerm modified mode [ 'nan_converters_pre_43_inl.h', 436, 438 ]
288 silly gunzTarPerm extractEntry nan_implementation_12_inl.h
289 silly gunzTarPerm modified mode [ 'nan_implementation_12_inl.h', 436, 438 ]
290 silly gunzTarPerm extractEntry nan_implementation_pre_12_inl.h
291 silly gunzTarPerm modified mode [ 'nan_implementation_pre_12_inl.h', 436, 438 ]
292 silly gunzTarPerm extractEntry nan_maybe_43_inl.h
293 silly gunzTarPerm modified mode [ 'nan_maybe_43_inl.h', 436, 438 ]
294 silly gunzTarPerm extractEntry nan_maybe_pre_43_inl.h
295 silly gunzTarPerm modified mode [ 'nan_maybe_pre_43_inl.h', 436, 438 ]
296 silly gunzTarPerm extractEntry nan_new.h
297 silly gunzTarPerm modified mode [ 'nan_new.h', 436, 438 ]
298 silly gunzTarPerm extractEntry nan_object_wrap.h
299 silly gunzTarPerm modified mode [ 'nan_object_wrap.h', 436, 438 ]
300 silly gunzTarPerm extractEntry nan_persistent_12_inl.h
301 silly gunzTarPerm modified mode [ 'nan_persistent_12_inl.h', 436, 438 ]
302 silly gunzTarPerm extractEntry nan_persistent_pre_12_inl.h
303 silly gunzTarPerm modified mode [ 'nan_persistent_pre_12_inl.h', 436, 438 ]
304 silly gunzTarPerm extractEntry nan_string_bytes.h
305 silly gunzTarPerm modified mode [ 'nan_string_bytes.h', 436, 438 ]
306 silly gunzTarPerm extractEntry nan_weak.h
307 silly gunzTarPerm modified mode [ 'nan_weak.h', 436, 438 ]
308 silly gunzTarPerm extractEntry CHANGELOG.md
309 silly gunzTarPerm modified mode [ 'CHANGELOG.md', 436, 438 ]
310 silly gunzTarPerm extractEntry tools/package.json
311 silly gunzTarPerm modified mode [ 'tools/package.json', 436, 438 ]
312 silly gunzTarPerm extractEntry tools/README.md
313 silly gunzTarPerm modified mode [ 'tools/README.md', 436, 438 ]
314 silly gunzTarPerm extractEntry tools/1to2.js
315 silly gunzTarPerm modified mode [ 'tools/1to2.js', 509, 511 ]
316 silly doParallel preinstall 3
317 silly preinstall nan C:\Users\ManpreetKaur\Desktop\mean_project_tutorial\node_modules\.staging\nan-c149cde65000dfca9a730e5c40eaf8bf
318 info lifecycle nan@2.0.5~preinstall: nan@2.0.5
319 silly preinstall bindings C:\Users\ManpreetKaur\Desktop\mean_project_tutorial\node_modules\.staging\bindings-cbef984b71c665c32405892df7934c18
320 info lifecycle bindings@1.2.1~preinstall: bindings@1.2.1
321 silly preinstall bcrypt C:\Users\ManpreetKaur\Desktop\mean_project_tutorial\node_modules\.staging\bcrypt-79c7f141279b7d1799288f9a77529139
322 info lifecycle bcrypt@0.8.5~preinstall: bcrypt@0.8.5
323 silly lifecycle nan@2.0.5~preinstall: no script for preinstall, continuing
324 silly lifecycle bindings@1.2.1~preinstall: no script for preinstall, continuing
325 silly lifecycle bcrypt@0.8.5~preinstall: no script for preinstall, continuing
326 silly doReverseSerial remove 0
327 silly doSerial move 0
328 silly doSerial finalize 3
329 silly finalize C:\Users\ManpreetKaur\Desktop\mean_project_tutorial\node_modules\bcrypt\node_modules\nan
330 silly finalize C:\Users\ManpreetKaur\Desktop\mean_project_tutorial\node_modules\bindings
331 silly finalize C:\Users\ManpreetKaur\Desktop\mean_project_tutorial\node_modules\bcrypt
332 silly doSerial build 3
333 silly build nan
334 info linkStuff nan@2.0.5
335 silly linkStuff nan@2.0.5 has C:\Users\ManpreetKaur\Desktop\mean_project_tutorial\node_modules\bcrypt\node_modules as its parent node_modules
336 verbose linkBins nan@2.0.5
337 verbose linkMans nan@2.0.5
338 verbose rebuildBundles nan@2.0.5
339 silly build bindings
340 info linkStuff bindings@1.2.1
341 silly linkStuff bindings@1.2.1 has C:\Users\ManpreetKaur\Desktop\mean_project_tutorial\node_modules as its parent node_modules
342 verbose linkBins bindings@1.2.1
343 verbose linkMans bindings@1.2.1
344 verbose rebuildBundles bindings@1.2.1
345 silly build bcrypt
346 info linkStuff bcrypt@0.8.5
347 silly linkStuff bcrypt@0.8.5 has C:\Users\ManpreetKaur\Desktop\mean_project_tutorial\node_modules as its parent node_modules
348 verbose linkBins bcrypt@0.8.5
349 verbose linkMans bcrypt@0.8.5
350 verbose rebuildBundles bcrypt@0.8.5
351 verbose rebuildBundles [ 'nan' ]
352 silly doSerial global-link 0
353 silly doParallel update-linked 0
354 silly doSerial install 3
355 silly install nan C:\Users\ManpreetKaur\Desktop\mean_project_tutorial\node_modules\.staging\nan-c149cde65000dfca9a730e5c40eaf8bf
356 info lifecycle nan@2.0.5~install: nan@2.0.5
357 silly lifecycle nan@2.0.5~install: no script for install, continuing
358 silly install bindings C:\Users\ManpreetKaur\Desktop\mean_project_tutorial\node_modules\.staging\bindings-cbef984b71c665c32405892df7934c18
359 info lifecycle bindings@1.2.1~install: bindings@1.2.1
360 silly lifecycle bindings@1.2.1~install: no script for install, continuing
361 silly install bcrypt C:\Users\ManpreetKaur\Desktop\mean_project_tutorial\node_modules\.staging\bcrypt-79c7f141279b7d1799288f9a77529139
362 info lifecycle bcrypt@0.8.5~install: bcrypt@0.8.5
363 verbose lifecycle bcrypt@0.8.5~install: unsafe-perm in lifecycle true
364 verbose lifecycle bcrypt@0.8.5~install: PATH: C:\Users\ManpreetKaur\AppData\Roaming\npm\node_modules\npm\bin\node-gyp-bin;C:\Users\ManpreetKaur\Desktop\mean_project_tutorial\node_modules\bcrypt\node_modules\.bin;C:\Users\ManpreetKaur\Desktop\mean_project_tutorial\node_modules\.bin;C:\Python27\;C:\Python27\Scripts;C:\ProgramData\Oracle\Java\javapath;C:\Windows\system32;C:\Windows;C:\Windows\System32\Wbem;C:\Windows\System32\WindowsPowerShell\v1.0\;C:\Program Files (x86)\Brackets\command;C:\Program Files (x86)\Git\cmd;C:\Program Files (x86)\Git\bin;C:\Program Files (x86)\Java\jdk1.7.0\bin;C:\Program Files\MATLAB\R2012a\runtime\win64;C:\Program Files\MATLAB\R2012a\bin;C:\Program Files (x86)\NVIDIA Corporation\PhysX\Common;C:\Program Files (x86)\Skype\Phone\;C:\Program Files\nodejs\;C:\Users\ManpreetKaur\AppData\Local\Android\sdk\platform-tools;C:\Program Files\Microsoft\Web Platform Installer\;C:\Program Files (x86)\Microsoft SDKs\Azure\CLI\wbin;C:\Users\ManpreetKaur\AppData\Local\atom\bin;C:\Users\ManpreetKaur\AppData\Roaming\npm;C:\Program Files (x86)\WinAnt\bin;C:\Program Files\MongoDB\Server\3.0\bin;C:\xampp\php\libsasl.dll
365 verbose lifecycle bcrypt@0.8.5~install: CWD: C:\Users\ManpreetKaur\Desktop\mean_project_tutorial\node_modules\bcrypt
366 silly lifecycle bcrypt@0.8.5~install: Args: [ '/d /s /c', 'node-gyp rebuild' ]
367 silly lifecycle bcrypt@0.8.5~install: Returned: code: 1  signal: null
368 info lifecycle bcrypt@0.8.5~install: Failed to exec install script
369 verbose unlock done using C:\Users\ManpreetKaur\AppData\Roaming\npm-cache\_locks\staging-5a95e8df66deb0c5.lock for C:\Users\ManpreetKaur\Desktop\mean_project_tutorial\node_modules\.staging
370 silly rollbackFailedOptional Starting
371 silly rollbackFailedOptional Finishing
372 silly runTopLevelLifecycles Starting
373 silly runTopLevelLifecycles Finishing
374 silly install printInstalled
375 warn EPACKAGEJSON mean_project_tutorial@1.0.0 No repository field.
376 verbose stack Error: bcrypt@0.8.5 install: `node-gyp rebuild`
376 verbose stack Exit status 1
376 verbose stack     at EventEmitter.<anonymous> (C:\Users\ManpreetKaur\AppData\Roaming\npm\node_modules\npm\lib\utils\lifecycle.js:233:16)
376 verbose stack     at emitTwo (events.js:87:13)
376 verbose stack     at EventEmitter.emit (events.js:172:7)
376 verbose stack     at ChildProcess.<anonymous> (C:\Users\ManpreetKaur\AppData\Roaming\npm\node_modules\npm\lib\utils\spawn.js:24:14)
376 verbose stack     at emitTwo (events.js:87:13)
376 verbose stack     at ChildProcess.emit (events.js:172:7)
376 verbose stack     at maybeClose (internal/child_process.js:817:16)
376 verbose stack     at Process.ChildProcess._handle.onexit (internal/child_process.js:211:5)
377 verbose pkgid bcrypt@0.8.5
378 verbose cwd C:\Users\ManpreetKaur\Desktop\mean_project_tutorial
379 error Windows_NT 10.0.10240
380 error argv "C:\\Program Files\\nodejs\\node.exe" "C:\\Users\\ManpreetKaur\\AppData\\Roaming\\npm\\node_modules\\npm\\bin\\npm-cli.js" "install" "bcrypt" "--save"
381 error node v4.0.0
382 error npm  v3.3.3
383 error code ELIFECYCLE
384 error bcrypt@0.8.5 install: `node-gyp rebuild`
384 error Exit status 1
385 error Failed at the bcrypt@0.8.5 install script 'node-gyp rebuild'.
385 error This is most likely a problem with the bcrypt package,
385 error not with npm itself.
385 error Tell the author that this fails on your system:
385 error     node-gyp rebuild
385 error You can get their info via:
385 error     npm owner ls bcrypt
385 error There is likely additional logging output above.
386 verbose exit [ 1, true ]
